<?xml version="1.0" encoding="UTF-8"?>
<!-- Generated by org.testng.reporters.JUnitReportReporter -->
<testsuite hostname="DESKTOP-K9R4B6L" failures="0" tests="1" name="com.actitime.test.Createcustomer" time="0.026" errors="0" timestamp="2024-10-22T22:24:12 IST" skipped="0">
  <testcase classname="com.actitime.test.Createcustomer" name="create" time="0.026">
    <system-out>
      <![CDATA[create]]>
    </system-out>
  </testcase> <!-- create -->
  <system-out>
    <![CDATA[create]]>
  </system-out>
</testsuite> <!-- com.actitime.test.Createcustomer -->
